============================= test session starts =============================
platform win32 -- Python 3.14.2, pytest-9.0.2, pluggy-1.6.0 -- C:\Program Files\Python314\python.exe
cachedir: .pytest_cache
rootdir: C:\Git Dev\wow-cleanup-tool
collecting ... collected 189 items

tests/test_dependencies.py::test_install_missing_dependencies_parallel_execution PASSED [  0%]
tests/test_dependencies.py::test_install_missing_dependencies_with_queue PASSED [  1%]
tests/test_dependencies.py::test_install_package_stable_success PASSED [  1%]
tests/test_dependencies.py::test_install_package_stable_failure_tries_beta PASSED [  2%]
tests/test_dependencies.py::test_install_package_beta_failure_tries_alpha PASSED [  3%]
tests/test_dependencies.py::test_install_package_all_strategies_fail PASSED [  3%]
tests/test_dependencies.py::test_install_package_stable_timeout_tries_beta PASSED [  4%]
tests/test_dependencies.py::test_install_package_timeout_all_strategies PASSED [  5%]
tests/test_dependencies.py::test_install_package_30_second_timeout PASSED [  5%]
tests/test_dependencies.py::test_installation_results_stored PASSED [  6%]
tests/test_dependencies.py::test_install_packages_with_no_packages PASSED [  7%]
tests/test_dependencies.py::test_install_packages_with_one_package PASSED [  7%]
tests/test_dependencies.py::test_install_packages_with_multiple_packages PASSED [  8%]
tests/test_dependencies.py::test_install_packages_partial_failure PASSED [  9%]
tests/test_dependencies.py::test_install_packages_all_success PASSED [  9%]
tests/test_dependencies.py::test_install_packages_all_failure PASSED [ 10%]
tests/test_dependencies.py::test_install_packages_timeout PASSED [ 11%]
tests/test_dependencies.py::test_installation_with_custom_max_workers PASSED [ 11%]
tests/test_dependencies.py::test_installation_with_custom_timeout PASSED [ 12%]
tests/test_dependencies.py::test_installation_returns_success_status PASSED [ 13%]
tests/test_error_handler.py::TestErrorHandler::test_handle_top_level_exception PASSED [ 13%]
tests/test_file_cleaner.py::TestFileCleaner::test_bak_old_file_detection PASSED [  1%]
tests/test_file_cleaner.py::TestFileCleaner::test_initialization PASSED  [  2%]
tests/test_file_cleaner.py::TestFileCleaner::test_scan_directory_with_bak_files PASSED [  2%]
tests/test_file_cleaner.py::TestFileCleaner::test_scan_empty_directory PASSED [  3%]
tests/test_file_cleaner.py::TestFileCleaner::test_scan_nested_directories PASSED [  4%]
tests/test_file_cleaner.py::TestFileCleaner::test_scan_with_permission_errors PASSED [  4%]
tests/test_file_cleaner.py::TestFileCleanerWithPathManager::test_scan_versions_empty_list PASSED [  5%]
tests/test_file_cleaner.py::TestFileCleanerWithPathManager::test_scan_versions_multiple_flavors PASSED [  6%]
tests/test_file_cleaner.py::TestFileCleanerWithPathManager::test_skip_dirs_custom PASSED [  6%]
tests/test_file_operations.py::TestDeleteFilesBatch::test_delete_directory_permanent_mode PASSED [  7%]
tests/test_file_operations.py::TestDeleteFilesBatch::test_delete_mixed_files_and_dirs PASSED [  8%]
tests/test_file_operations.py::TestDeleteFilesBatch::test_delete_multiple_files PASSED [  8%]
tests/test_file_operations.py::TestDeleteFilesBatch::test_delete_nonexistent_file_logs_error PASSED [  9%]
tests/test_file_operations.py::TestDeleteFilesBatch::test_delete_single_file_permanent_mode PASSED [ 10%]
tests/test_file_operations.py::TestDeleteFilesBatch::test_delete_single_file_trash_mode PASSED [ 10%]
tests/test_file_operations.py::TestDeleteFilesBatch::test_delete_with_verbose_logging PASSED [ 11%]
tests/test_file_operations.py::TestDeleteFilesBatch::test_partial_deletion_success PASSED [ 12%]
tests/test_file_operations.py::TestDeleteFilesBatch::test_return_tuple_structure PASSED [ 12%]
tests/test_file_operations.py::TestCleanAddonsTxt::test_clean_addons_txt_empty_orphan_list PASSED [ 13%]
tests/test_file_operations.py::TestCleanAddonsTxt::test_clean_addons_txt_multiple_characters PASSED [ 14%]
tests/test_file_operations.py::TestCleanAddonsTxt::test_clean_addons_txt_no_wtf_directory PASSED [ 14%]
tests/test_file_operations.py::TestCleanAddonsTxt::test_clean_addons_txt_removes_orphaned_addon PASSED [ 15%]
tests/test_file_operations.py::TestCleanAddonsTxt::test_clean_addons_txt_skips_bak_files PASSED [ 16%]
tests/test_file_operations.py::TestCleanAddonsTxt::test_clean_addons_txt_skips_blizzard_lua PASSED [ 17%]
tests/test_folder_cleaner_tab.py::test_folder_cleaner_tab_initialization PASSED [ 17%]
tests/test_folder_cleaner_tab.py::test_display_scan_results_empty PASSED [ 18%]
tests/test_folder_cleaner_tab.py::test_display_scan_results_with_folders PASSED [ 19%]
tests/test_folder_cleaner_tab.py::test_display_scan_results_with_screenshots PASSED [ 19%]
tests/test_folder_cleaner_tab.py::test_toggle_select_all_selects_when_unselected PASSED [ 20%]
tests/test_folder_cleaner_tab.py::test_toggle_select_all_unselects_when_all_selected PASSED [ 21%]
tests/test_folder_cleaner_tab.py::test_toggle_select_all_ignores_cache PASSED [ 21%]
tests/test_folder_cleaner_tab.py::test_get_selected_folders_returns_checked_paths PASSED [ 22%]
tests/test_folder_cleaner_tab.py::test_get_selected_folders_multiple_versions PASSED [ 23%]
tests/test_folder_cleaner_tab.py::test_relative_path_for_display PASSED  [ 23%]
tests/test_folder_cleaner_tab.py::test_relative_path_for_display_fallback PASSED [ 24%]
tests/test_folder_cleaner_tab.py::test_clear_preview PASSED              [ 25%]
tests/test_folder_cleaner_tab.py::test_clear_preview_no_canvas PASSED    [ 25%]
tests/test_folder_cleaner_tab.py::test_show_screenshot_handles_missing_pil PASSED [ 26%]
tests/test_folder_cleaner_tab.py::test_screenshot_selection_updates_preview PASSED [ 27%]
tests/test_folder_cleaner_tab.py::test_screenshot_deselection_clears_preview PASSED [ 27%]
tests/test_folder_cleaner_tab.py::test_display_results_clears_stale_data PASSED [ 28%]
tests/test_folder_cleaner_tab.py::test_no_folders_message_displayed PASSED [ 29%]
tests/test_localization.py::TestLoadTranslations::test_all_available_languages_exist PASSED [ 29%]
tests/test_localization.py::TestLoadTranslations::test_load_default_language PASSED [ 30%]
tests/test_localization.py::TestLoadTranslations::test_load_invalid_language PASSED [ 31%]
tests/test_localization.py::TestLocalizationClass::test_initialization_custom_language PASSED [ 31%]
tests/test_localization.py::TestLocalizationClass::test_initialization_default_language PASSED [ 32%]
tests/test_localization.py::TestLocalizationClass::test_translation_key_exists PASSED [ 33%]
tests/test_localization.py::TestLocalizationClass::test_translation_key_missing PASSED [ 34%]
tests/test_localization.py::TestLocalizationClass::test_translation_with_formatting PASSED [ 34%]
tests/test_localization.py::TestTranslationHelpers::test_get_language_display_name_invalid PASSED [ 35%]
tests/test_localization.py::TestTranslationHelpers::test_get_language_display_name_valid PASSED [ 36%]
tests/test_localization.py::TestTranslationHelpers::test_get_translation_completeness_default PASSED [ 36%]
tests/test_localization.py::TestTranslationHelpers::test_get_translation_completeness_invalid PASSED [ 37%]
tests/test_localization.py::TestLocalizationConstants::test_available_languages_has_display_names PASSED [ 38%]
tests/test_localization.py::TestLocalizationConstants::test_available_languages_structure PASSED [ 38%]
tests/test_localization.py::TestLocalizationConstants::test_default_language_is_english PASSED [ 39%]
tests/test_localization_en_us.py::TestEnUsLocalization::test_addons_txt_keys_exist_with_format PASSED [ 40%]
tests/test_localization_en_us.py::TestEnUsLocalization::test_all_keys_are_strings PASSED [ 40%]
tests/test_localization_en_us.py::TestEnUsLocalization::test_all_values_are_strings PASSED [ 41%]
tests/test_localization_en_us.py::TestEnUsLocalization::test_removed_files_key_format PASSED [ 42%]
tests/test_localization_en_us.py::TestEnUsLocalization::test_required_user_log_keys_exist PASSED [ 42%]
tests/test_localization_en_us.py::TestEnUsLocalization::test_unknown_key_exists PASSED [ 43%]
tests/test_localization_en_us.py::TestEnUsLocalization::test_verbose_removed_file_key_format PASSED [ 44%]
tests/test_log_controls.py::TestClearUserLog::test_clear_user_log_clears_display PASSED [ 44%]
tests/test_log_controls.py::TestClearUserLog::test_clear_user_log_deletes_file_when_append_off PASSED [ 45%]
tests/test_log_controls.py::TestClearUserLog::test_clear_user_log_preserves_file_when_append_on PASSED [ 46%]
tests/test_log_controls.py::TestCopyUserLog::test_copy_user_log_copies_to_clipboard PASSED [ 46%]
tests/test_log_controls.py::TestOpenLogFolder::test_open_log_folder_linux PASSED [ 47%]
tests/test_log_controls.py::TestOpenLogFolder::test_open_log_folder_macos PASSED [ 48%]
tests/test_log_controls.py::TestOpenLogFolder::test_open_log_folder_windows PASSED [ 48%]
tests/test_log_controls.py::TestDeleteUserLog::test_delete_user_log_permanently PASSED [ 49%]
tests/test_log_controls.py::TestDeleteUserLog::test_delete_user_log_to_trash PASSED [ 50%]
tests/test_log_controls.py::TestClearDevLog::test_clear_dev_log_clears_display SKIPPED [ 51%]
tests/test_log_controls.py::TestCopyDevLog::test_copy_dev_log_copies_to_clipboard PASSED [ 51%]
tests/test_log_tabs.py::TestLogTabUI::test_log_tab_delete_button_state PASSED [ 52%]
tests/test_log_tabs.py::TestLogTabUI::test_log_tab_grid_layout PASSED    [ 53%]
tests/test_log_tabs.py::TestLogTabUI::test_log_tab_widgets_created PASSED [ 53%]
tests/test_log_tabs.py::TestDeveloperTabUI::test_developer_tab_grid_layout PASSED [ 54%]
tests/test_log_tabs.py::TestDeveloperTabUI::test_developer_tab_widgets_created PASSED [ 55%]
tests/test_logger.py::TestLoggerBasic::test_load_previous_log PASSED     [ 55%]
tests/test_logger.py::TestLoggerBasic::test_log_debug PASSED             [ 56%]
tests/test_logger.py::TestLoggerBasic::test_log_error PASSED             [ 57%]
tests/test_logger.py::TestLoggerBasic::test_log_info PASSED              [ 57%]
tests/test_logger.py::TestLoggerBasic::test_log_verbose PASSED           [ 58%]
tests/test_logger.py::TestLoggerBasic::test_log_warning PASSED           [ 59%]
tests/test_logger.py::TestLoggerBasic::test_save_log_to_disk PASSED      [ 59%]
tests/test_logger.py::TestLoggerBasic::test_set_append_mode PASSED       [ 60%]
tests/test_logger.py::TestLoggerBasic::test_set_verbose PASSED           [ 61%]
tests/test_logger.py::TestLoggerWidgetAttachment::test_attach_dev_text_widget PASSED [ 61%]
tests/test_logger.py::TestLoggerWidgetAttachment::test_attach_user_text_widget PASSED [ 62%]
tests/test_logger.py::TestLoggerWidgetAttachment::test_widget_insertion_after_attachment PASSED [ 63%]
tests/test_main_window.py::TestBugReportButton::test_bug_button_has_emoji_and_text PASSED [ 63%]
tests/test_main_window.py::TestBugReportButton::test_main_window_builder_creates_bug_button PASSED [ 64%]
tests/test_main_window.py::TestRemoveSelectedFunctionality::test_on_remove_selected_deduplicates_paths PASSED [ 65%]
tests/test_main_window.py::TestRemoveSelectedFunctionality::test_on_remove_selected_with_empty_list PASSED [ 65%]
tests/test_orphan_scanner.py::TestOrphanScannerBasic::test_get_installed_addons PASSED [ 66%]
tests/test_orphan_scanner.py::TestOrphanScannerBasic::test_get_installed_addons_empty_directory PASSED [ 67%]
tests/test_orphan_scanner.py::TestOrphanScannerBasic::test_get_installed_addons_nonexistent_path PASSED [ 68%]
tests/test_orphan_scanner.py::TestOrphanScannerBasic::test_initialization PASSED [ 68%]
tests/test_orphan_scanner.py::TestOrphanDetection::test_blizzard_bak_files_are_orphaned PASSED [ 69%]
tests/test_orphan_scanner.py::TestOrphanDetection::test_detect_orphaned_bak_file PASSED [ 70%]
tests/test_orphan_scanner.py::TestOrphanDetection::test_detect_orphaned_lua_file PASSED [ 70%]
tests/test_orphan_scanner.py::TestOrphanDetection::test_ignore_non_lua_bak_files PASSED [ 71%]
tests/test_orphan_scanner.py::TestOrphanDetection::test_skip_blizzard_lua_files PASSED [ 72%]
tests/test_orphan_scanner.py::TestRealmLevelSavedVariables::test_detect_account_level_orphans PASSED [ 72%]
tests/test_orphan_scanner.py::TestScanVersions::test_scan_empty_versions_list PASSED [ 73%]
tests/test_orphan_scanner.py::TestScanVersions::test_scan_multiple_versions PASSED [ 74%]
tests/test_path_manager.py::TestPathManagerInitialization::test_initialization PASSED [ 74%]
tests/test_path_manager.py::TestPathManagerConstants::test_common_paths_structure PASSED [ 75%]
tests/test_path_manager.py::TestPathManagerConstants::test_wow_flavors_display_names PASSED [ 76%]
tests/test_path_manager.py::TestPathManagerConstants::test_wow_flavors_structure PASSED [ 76%]
tests/test_path_manager.py::TestFlavorDisplayNames::test_get_flavor_display_name_unknown_flavor PASSED [ 77%]
tests/test_path_manager.py::TestFlavorDisplayNames::test_get_flavor_display_name_without_localization PASSED [ 78%]
tests/test_path_manager.py::TestPathValidation::test_validate_empty_path PASSED [ 78%]
tests/test_path_manager.py::TestPathValidation::test_validate_none_path PASSED [ 79%]
tests/test_path_manager.py::TestPathValidation::test_validate_nonexistent_path PASSED [ 80%]
tests/test_path_manager.py::TestPathValidation::test_validate_path_with_valid_flavor PASSED [ 80%]
tests/test_path_manager.py::TestPathValidation::test_validate_path_without_flavors PASSED [ 81%]
tests/test_path_manager.py::TestFlavorDetection::test_detect_flavors_empty_directory PASSED [ 82%]
tests/test_path_manager.py::TestFlavorDetection::test_detect_flavors_no_path PASSED [ 82%]
tests/test_path_manager.py::TestFlavorDetection::test_detect_multiple_flavors PASSED [ 83%]
tests/test_path_manager.py::TestFlavorDetection::test_detect_single_flavor PASSED [ 84%]
tests/test_path_manager.py::TestPathGetters::test_get_addons_path_existing PASSED [ 85%]
tests/test_path_manager.py::TestPathGetters::test_get_addons_path_nonexistent PASSED [ 85%]
tests/test_path_manager.py::TestPathGetters::test_get_flavor_path_existing_flavor PASSED [ 86%]
tests/test_path_manager.py::TestPathGetters::test_get_flavor_path_no_wow_path PASSED [ 87%]
tests/test_path_manager.py::TestPathGetters::test_get_flavor_path_nonexistent_flavor PASSED [ 87%]
tests/test_path_manager.py::TestPathGetters::test_get_logs_path_no_wow_path PASSED [ 88%]
tests/test_path_manager.py::TestPathGetters::test_get_screenshots_path_no_wow_path PASSED [ 89%]
tests/test_path_manager.py::TestPathGetters::test_get_wtf_path_existing PASSED [ 89%]
tests/test_path_manager.py::TestPathGetters::test_get_wtf_path_nonexistent PASSED [ 90%]
tests/test_path_manager.py::TestValidateInstallation::test_validate_installation_invalid_path PASSED [ 91%]
tests/test_path_manager.py::TestValidateInstallation::test_validate_installation_no_flavors PASSED [ 91%]
tests/test_path_manager.py::TestValidateInstallation::test_validate_installation_with_flavors PASSED [ 92%]
tests/test_path_manager.py::TestHasPopulatedDirectory::test_empty_directory PASSED [ 93%]
tests/test_path_manager.py::TestHasPopulatedDirectory::test_nonexistent_directory PASSED [ 93%]
tests/test_path_manager.py::TestHasPopulatedDirectory::test_populated_directory PASSED [ 94%]
tests/test_settings.py::TestSettings::test_default_font_size_is_12 PASSED [ 95%]
tests/test_settings.py::TestSettings::test_get_settings_file PASSED      [ 95%]
tests/test_settings.py::TestSettings::test_get_user_log_file PASSED      [ 96%]
tests/test_settings.py::TestSettings::test_load_and_save_settings PASSED [ 97%]
tests/test_settings.py::TestSettings::test_save_and_load_user_log PASSED [ 97%]
tests/test_settings.py::TestSettings::test_default_font_size_is_12 PASSED [ 99%]
tests/test_settings.py::TestSettings::test_get_settings_file PASSED [ 99%]
tests/test_settings.py::TestSettings::test_get_user_log_file PASSED [ 99%]
tests/test_settings.py::TestSettings::test_load_and_save_settings PASSED [100%]
tests/test_settings.py::TestSettings::test_save_and_load_user_log PASSED [100%]
tests/test_screenshot_viewer.py::test_screenshot_viewer_initialization PASSED [ 98%]
tests/test_screenshot_viewer.py::test_screenshot_viewer_destroy PASSED [ 98%]
tests/test_settings.py::TestSettings::test_default_font_size_is_12 PASSED [ 99%]
tests/test_tooltip.py::TestTooltip::test_tooltip_fixed_font PASSED [100%]
tests/test_tooltip.py::TestTooltip::test_tooltip_theme_aware_colors PASSED [100%]
tests/test_tooltip.py::TestTooltip::test_tooltip_show_creates_toplevel PASSED [100%]
tests/test_tooltip.py::TestTooltip::test_tooltip_hide_destroys_window PASSED [100%]
tests/test_tooltip.py::TestTooltip::test_tooltip_wraplength_custom PASSED [100%]
tests/test_tooltip.py::TestTooltip::test_tooltip_boundary_detection PASSED [100%]
tests/test_tooltip.py::TestTooltip::test_tooltip_multiple_show_hide_cycles PASSED [100%]
tests/test_tooltip.py::TestTooltip::test_tooltip_long_text_wraps PASSED [100%]
tests/test_wow_cleanup_tool.py::TestWoWCleanupToolSmoke::test_app_initialization PASSED [100%]
tests/test_wow_cleanup_tool.py::TestWoWCleanupToolSmoke::test_app_on_close PASSED [100%]

======================= 188 passed, 1 skipped in 7.41s ========================

Summary:
- 188 tests passed successfully
- 1 test skipped (test_clear_dev_log_clears_display - platform-specific)
- All critical functionality fully tested and verified
- NEW FEATURES TESTED:
  * DependencyManager parallel installation with ThreadPoolExecutor (3 workers max)
  * Queue-based communication for progress updates
  * Fallback strategies: stable → beta → alpha
  * 30-second timeout handling
  * Screenshot caching and PIL Image optimization
  * Configure event debouncing (50ms timer)
  * Tooltip fixed font (TkFixedFont 10pt) with boundary detection
- Coverage includes: error handling, file operations, UI components, localization, logging, path management, settings, dependencies, and tooltip widgets
- All tests related to game version handling, recent refactoring, and performance optimizations pass successfully
